h:\learnproject\consoleapplication1\consoleapplication1\x64\debug\vc143.pdb
h:\learnproject\consoleapplication1\consoleapplication1\x64\debug\vc143.idb
h:\learnproject\consoleapplication1\consoleapplication1\x64\debug\fileutil.obj
h:\learnproject\consoleapplication1\consoleapplication1\x64\debug\consoleapplication1.obj
h:\learnproject\consoleapplication1\consoleapplication1\x64\debug\configmgr.obj
h:\learnproject\consoleapplication1\consoleapplication1\x64\debug\commonutil.obj
h:\learnproject\consoleapplication1\consoleapplication1\x64\debug\configobj.obj
h:\learnproject\consoleapplication1\consoleapplication1\x64\debug\configdata.obj
h:\learnproject\consoleapplication1\consoleapplication1\x64\debug\configrow.obj
h:\learnproject\consoleapplication1\x64\debug\consoleapplication1.exe
h:\learnproject\consoleapplication1\consoleapplication1\x64\debug\consoleapplication1.ilk
h:\learnproject\consoleapplication1\x64\debug\consoleapplication1.pdb
h:\learnproject\consoleapplication1\consoleapplication1\x64\debug\configdata.obj.enc
h:\learnproject\consoleapplication1\consoleapplication1\x64\debug\configobj.obj.enc
h:\learnproject\consoleapplication1\consoleapplication1\x64\debug\consolea.755c0906.tlog\cl.command.1.tlog
h:\learnproject\consoleapplication1\consoleapplication1\x64\debug\consolea.755c0906.tlog\cl.items.tlog
h:\learnproject\consoleapplication1\consoleapplication1\x64\debug\consolea.755c0906.tlog\cl.read.1.tlog
h:\learnproject\consoleapplication1\consoleapplication1\x64\debug\consolea.755c0906.tlog\cl.write.1.tlog
h:\learnproject\consoleapplication1\consoleapplication1\x64\debug\consolea.755c0906.tlog\link.command.1.tlog
h:\learnproject\consoleapplication1\consoleapplication1\x64\debug\consolea.755c0906.tlog\link.read.1.tlog
h:\learnproject\consoleapplication1\consoleapplication1\x64\debug\consolea.755c0906.tlog\link.write.1.tlog
